Processing moteino (platform: atmelavr; board: moteino; framework: arduino)
-----------------------------------------------------------------------------------------------------------------------------------------------------------------------------------------------------
Verbose mode can be enabled via `-v, --verbose` option
CONFIGURATION: https://docs.platformio.org/page/boards/atmelavr/moteino.html
PLATFORM: Atmel AVR 2.0.0 > LowPowerLab Moteino
HARDWARE: ATMEGA328P 16MHz, 2KB RAM, 31.50KB Flash
PACKAGES: 
 - framework-arduino-avr 5.0.0 
 - toolchain-atmelavr 1.50400.190710 (5.4.0)
LDF: Library Dependency Finder -> http://bit.ly/configure-pio-ldf
LDF Modes: Finder ~ chain, Compatibility ~ soft
Found 19 compatible libraries
Scanning dependencies...
Dependency Graph
|-- <ClickEncoder>
|-- <TimerOne>
|-- <LiquidCrystal_PCF8574> 1.2.0
|   |-- <Wire> 1.0
|-- <OneButton>
|-- <MCP4725> 0.1.9
|   |-- <Wire> 1.0
|-- <MCP342x> 1.0.2
|   |-- <Wire> 1.0
|-- <Statistic> 0.3.5
|-- <MenuItem>
|   |-- <LiquidCrystal_PCF8574> 1.2.0
|   |   |-- <Wire> 1.0
|-- <Wire> 1.0
Building in release mode
Checking size .pio/build/moteino/firmware.elf
Advanced Memory Usage is available via "PlatformIO Home > Project Inspect"
RAM:   [====      ]  43.7% (used 895 bytes from 2048 bytes)
Flash: [=====     ]  49.4% (used 15950 bytes from 32256 bytes)
==================================================================================== [SUCCESS] Took 1.01 seconds ====================================================================================
